<?xml version="1.0" encoding="UTF-8"?>
<!-- Generated by org.testng.reporters.JUnitXMLReporter -->
<testsuite hostname="NLPULTP283258" ignored="0" name="Bank" tests="7" failures="3" timestamp="07 Jul 2022 01:45:21 GMT" time="452.863" errors="0">
  <testcase name="runScenario" time="18.284" classname="io.cucumber.testng.AbstractTestNGCucumberTests">
    <failure type="org.openqa.selenium.NoSuchElementException" message="Unable to locate element: //*[@id=&amp;quot;left&amp;quot;]/div[1]/div/button
For documentation on this error, please visit: https://www.seleniumhq.org/exceptions/no_such_element.html
Build info: version: &amp;apos;3.141.59&amp;apos;, revision: &amp;apos;e82be7d358&amp;apos;, time: &amp;apos;2018-11-14T08:17:03&amp;apos;
System info: host: &amp;apos;NLPULTP283258&amp;apos;, ip: &amp;apos;172.23.32.1&amp;apos;, os.name: &amp;apos;Windows 10&amp;apos;, os.arch: &amp;apos;amd64&amp;apos;, os.version: &amp;apos;10.0&amp;apos;, java.version: &amp;apos;1.8.0_161&amp;apos;
Driver info: org.openqa.selenium.remote.RemoteWebDriver
Capabilities {acceptInsecureCerts: false, browserName: firefox, browserVersion: 92.0.1, javascriptEnabled: true, moz:accessibilityChecks: false, moz:buildID: 20210922161155, moz:geckodriverVersion: 0.29.1, moz:headless: false, moz:processID: 129, moz:profile: /tmp/rust_mozprofilepwtR6k, moz:shutdownTimeout: 60000, moz:useNonSpecCompliantPointerOrigin: false, moz:webdriverClick: true, pageLoadStrategy: normal, platform: LINUX, platformName: LINUX, platformVersion: 5.10.16.3-microsoft-standar..., proxy: Proxy(), setWindowRect: true, strictFileInteractability: false, timeouts: {implicit: 0, pageLoad: 300000, script: 30000}, unhandledPromptBehavior: dismiss and notify, webdriver.remote.sessionid: 8922b138-9702-4e55-9f21-d36...}
Session ID: 8922b138-9702-4e55-9f21-d36213ca169f
*** Element info: {Using=xpath, value=//*[@id=&amp;quot;left&amp;quot;]/div[1]/div/button}">
      <![CDATA[org.openqa.selenium.NoSuchElementException: Unable to locate element: //*[@id="left"]/div[1]/div/button
For documentation on this error, please visit: https://www.seleniumhq.org/exceptions/no_such_element.html
Build info: version: '3.141.59', revision: 'e82be7d358', time: '2018-11-14T08:17:03'
System info: host: 'NLPULTP283258', ip: '172.23.32.1', os.name: 'Windows 10', os.arch: 'amd64', os.version: '10.0', java.version: '1.8.0_161'
Driver info: org.openqa.selenium.remote.RemoteWebDriver
Capabilities {acceptInsecureCerts: false, browserName: firefox, browserVersion: 92.0.1, javascriptEnabled: true, moz:accessibilityChecks: false, moz:buildID: 20210922161155, moz:geckodriverVersion: 0.29.1, moz:headless: false, moz:processID: 129, moz:profile: /tmp/rust_mozprofilepwtR6k, moz:shutdownTimeout: 60000, moz:useNonSpecCompliantPointerOrigin: false, moz:webdriverClick: true, pageLoadStrategy: normal, platform: LINUX, platformName: LINUX, platformVersion: 5.10.16.3-microsoft-standar..., proxy: Proxy(), setWindowRect: true, strictFileInteractability: false, timeouts: {implicit: 0, pageLoad: 300000, script: 30000}, unhandledPromptBehavior: dismiss and notify, webdriver.remote.sessionid: 8922b138-9702-4e55-9f21-d36...}
Session ID: 8922b138-9702-4e55-9f21-d36213ca169f
*** Element info: {Using=xpath, value=//*[@id="left"]/div[1]/div/button}
at org.openqa.selenium.remote.http.W3CHttpResponseCodec.createException(W3CHttpResponseCodec.java:187)
at org.openqa.selenium.remote.http.W3CHttpResponseCodec.decode(W3CHttpResponseCodec.java:122)
at org.openqa.selenium.remote.http.W3CHttpResponseCodec.decode(W3CHttpResponseCodec.java:49)
at org.openqa.selenium.remote.HttpCommandExecutor.execute(HttpCommandExecutor.java:158)
at org.openqa.selenium.remote.RemoteWebDriver.execute(RemoteWebDriver.java:552)
at org.openqa.selenium.remote.RemoteWebDriver.findElement(RemoteWebDriver.java:323)
at org.openqa.selenium.remote.RemoteWebDriver.findElementByXPath(RemoteWebDriver.java:428)
at org.openqa.selenium.By$ByXPath.findElement(By.java:353)
at org.openqa.selenium.remote.RemoteWebDriver.findElement(RemoteWebDriver.java:315)
at parallel.Payments_StepDefinitions.navigatestopaymentspage(Payments_StepDefinitions.java:30)
at ✽.Navigates to the payments page(file:///C:/Automation%20Project/UI_Datacom/UIAutomation/src/test/java/parallel/Payments.feature:6)
... Removed 4 stack frames]]>
    </failure>
  </testcase> <!-- runScenario -->
  <testcase name="runScenario" time="18.292" classname="io.cucumber.testng.AbstractTestNGCucumberTests">
    <failure type="org.openqa.selenium.NoSuchSessionException" message="Tried to run command without establishing a connection
Build info: version: &amp;apos;3.141.59&amp;apos;, revision: &amp;apos;e82be7d358&amp;apos;, time: &amp;apos;2018-11-14T08:17:03&amp;apos;
System info: host: &amp;apos;NLPULTP283258&amp;apos;, ip: &amp;apos;172.23.32.1&amp;apos;, os.name: &amp;apos;Windows 10&amp;apos;, os.arch: &amp;apos;amd64&amp;apos;, os.version: &amp;apos;10.0&amp;apos;, java.version: &amp;apos;1.8.0_161&amp;apos;
Driver info: org.openqa.selenium.remote.RemoteWebDriver
Capabilities {acceptInsecureCerts: false, browserName: firefox, browserVersion: 92.0.1, javascriptEnabled: true, moz:accessibilityChecks: false, moz:buildID: 20210922161155, moz:geckodriverVersion: 0.29.1, moz:headless: false, moz:processID: 129, moz:profile: /tmp/rust_mozprofilepwtR6k, moz:shutdownTimeout: 60000, moz:useNonSpecCompliantPointerOrigin: false, moz:webdriverClick: true, pageLoadStrategy: normal, platform: LINUX, platformName: LINUX, platformVersion: 5.10.16.3-microsoft-standar..., proxy: Proxy(), setWindowRect: true, strictFileInteractability: false, timeouts: {implicit: 0, pageLoad: 300000, script: 30000}, unhandledPromptBehavior: dismiss and notify, webdriver.remote.sessionid: 8922b138-9702-4e55-9f21-d36...}
*** Element info: {Using=css selector, value=header[aria-label=&amp;apos;Payees page. Attention access key one is available to close the Payees page.&amp;apos;]}">
      <![CDATA[org.openqa.selenium.NoSuchSessionException: Tried to run command without establishing a connection
Build info: version: '3.141.59', revision: 'e82be7d358', time: '2018-11-14T08:17:03'
System info: host: 'NLPULTP283258', ip: '172.23.32.1', os.name: 'Windows 10', os.arch: 'amd64', os.version: '10.0', java.version: '1.8.0_161'
Driver info: org.openqa.selenium.remote.RemoteWebDriver
Capabilities {acceptInsecureCerts: false, browserName: firefox, browserVersion: 92.0.1, javascriptEnabled: true, moz:accessibilityChecks: false, moz:buildID: 20210922161155, moz:geckodriverVersion: 0.29.1, moz:headless: false, moz:processID: 129, moz:profile: /tmp/rust_mozprofilepwtR6k, moz:shutdownTimeout: 60000, moz:useNonSpecCompliantPointerOrigin: false, moz:webdriverClick: true, pageLoadStrategy: normal, platform: LINUX, platformName: LINUX, platformVersion: 5.10.16.3-microsoft-standar..., proxy: Proxy(), setWindowRect: true, strictFileInteractability: false, timeouts: {implicit: 0, pageLoad: 300000, script: 30000}, unhandledPromptBehavior: dismiss and notify, webdriver.remote.sessionid: 8922b138-9702-4e55-9f21-d36...}
*** Element info: {Using=css selector, value=header[aria-label='Payees page. Attention access key one is available to close the Payees page.']}
at org.openqa.selenium.remote.http.W3CHttpResponseCodec.createException(W3CHttpResponseCodec.java:187)
at org.openqa.selenium.remote.http.W3CHttpResponseCodec.decode(W3CHttpResponseCodec.java:122)
at org.openqa.selenium.remote.http.W3CHttpResponseCodec.decode(W3CHttpResponseCodec.java:49)
at org.openqa.selenium.remote.HttpCommandExecutor.execute(HttpCommandExecutor.java:158)
at org.openqa.selenium.remote.RemoteWebDriver.execute(RemoteWebDriver.java:552)
at org.openqa.selenium.remote.RemoteWebDriver.findElement(RemoteWebDriver.java:323)
at org.openqa.selenium.remote.RemoteWebDriver.findElementByCssSelector(RemoteWebDriver.java:420)
at org.openqa.selenium.By$ByCssSelector.findElement(By.java:431)
at org.openqa.selenium.remote.RemoteWebDriver.findElement(RemoteWebDriver.java:315)
at parallel.Payee_StepDefinitions.payeesPageIsLoadedSuccessfully(Payee_StepDefinitions.java:70)
at ✽.Payees page is loaded successfully(file:///C:/Automation%20Project/UI_Datacom/UIAutomation/src/test/java/parallel/Payee.feature:8)
... Removed 4 stack frames]]>
    </failure>
  </testcase> <!-- runScenario -->
  <testcase name="runScenario" time="37.934" classname="io.cucumber.testng.AbstractTestNGCucumberTests"/>
  <testcase name="runScenario" time="56.132" classname="io.cucumber.testng.AbstractTestNGCucumberTests"/>
  <testcase name="runScenario" time="76.535" classname="io.cucumber.testng.AbstractTestNGCucumberTests">
    <failure type="org.openqa.selenium.ElementClickInterceptedException" message="Element &amp;lt;button class=&amp;quot;button-1-1-31&amp;quot; type=&amp;quot;button&amp;quot;&amp;gt; is not clickable at point (832,179) because another element &amp;lt;div class=&amp;quot;overlay-1-1-54&amp;quot;&amp;gt; obscures it
Build info: version: &amp;apos;3.141.59&amp;apos;, revision: &amp;apos;e82be7d358&amp;apos;, time: &amp;apos;2018-11-14T08:17:03&amp;apos;
System info: host: &amp;apos;NLPULTP283258&amp;apos;, ip: &amp;apos;172.23.32.1&amp;apos;, os.name: &amp;apos;Windows 10&amp;apos;, os.arch: &amp;apos;amd64&amp;apos;, os.version: &amp;apos;10.0&amp;apos;, java.version: &amp;apos;1.8.0_161&amp;apos;
Driver info: org.openqa.selenium.remote.RemoteWebDriver
Capabilities {acceptInsecureCerts: false, browserName: firefox, browserVersion: 92.0.1, javascriptEnabled: true, moz:accessibilityChecks: false, moz:buildID: 20210922161155, moz:geckodriverVersion: 0.29.1, moz:headless: false, moz:processID: 869, moz:profile: /tmp/rust_mozprofile8MEhCL, moz:shutdownTimeout: 60000, moz:useNonSpecCompliantPointerOrigin: false, moz:webdriverClick: true, pageLoadStrategy: normal, platform: LINUX, platformName: LINUX, platformVersion: 5.10.16.3-microsoft-standar..., proxy: Proxy(), setWindowRect: true, strictFileInteractability: false, timeouts: {implicit: 0, pageLoad: 300000, script: 30000}, unhandledPromptBehavior: dismiss and notify, webdriver.remote.sessionid: ff05978c-6ac8-44cd-865b-0bf...}
Session ID: ff05978c-6ac8-44cd-865b-0bfb6732a9f6">
      <![CDATA[org.openqa.selenium.ElementClickInterceptedException: Element <button class="button-1-1-31" type="button"> is not clickable at point (832,179) because another element <div class="overlay-1-1-54"> obscures it
Build info: version: '3.141.59', revision: 'e82be7d358', time: '2018-11-14T08:17:03'
System info: host: 'NLPULTP283258', ip: '172.23.32.1', os.name: 'Windows 10', os.arch: 'amd64', os.version: '10.0', java.version: '1.8.0_161'
Driver info: org.openqa.selenium.remote.RemoteWebDriver
Capabilities {acceptInsecureCerts: false, browserName: firefox, browserVersion: 92.0.1, javascriptEnabled: true, moz:accessibilityChecks: false, moz:buildID: 20210922161155, moz:geckodriverVersion: 0.29.1, moz:headless: false, moz:processID: 869, moz:profile: /tmp/rust_mozprofile8MEhCL, moz:shutdownTimeout: 60000, moz:useNonSpecCompliantPointerOrigin: false, moz:webdriverClick: true, pageLoadStrategy: normal, platform: LINUX, platformName: LINUX, platformVersion: 5.10.16.3-microsoft-standar..., proxy: Proxy(), setWindowRect: true, strictFileInteractability: false, timeouts: {implicit: 0, pageLoad: 300000, script: 30000}, unhandledPromptBehavior: dismiss and notify, webdriver.remote.sessionid: ff05978c-6ac8-44cd-865b-0bf...}
Session ID: ff05978c-6ac8-44cd-865b-0bfb6732a9f6
at org.openqa.selenium.remote.http.W3CHttpResponseCodec.createException(W3CHttpResponseCodec.java:187)
at org.openqa.selenium.remote.http.W3CHttpResponseCodec.decode(W3CHttpResponseCodec.java:122)
at org.openqa.selenium.remote.http.W3CHttpResponseCodec.decode(W3CHttpResponseCodec.java:49)
at org.openqa.selenium.remote.HttpCommandExecutor.execute(HttpCommandExecutor.java:158)
at org.openqa.selenium.remote.RemoteWebDriver.execute(RemoteWebDriver.java:552)
at org.openqa.selenium.remote.RemoteWebElement.execute(RemoteWebElement.java:285)
at org.openqa.selenium.remote.RemoteWebElement.click(RemoteWebElement.java:84)
at parallel.Payments_StepDefinitions.userClicksOnTheFromEverydayAccountToBillsAccount(Payments_StepDefinitions.java:43)
at ✽.User clicks on the from Everyday account to Bills account(file:///C:/Automation%20Project/UI_Datacom/UIAutomation/src/test/java/parallel/Payments.feature:7)
... Removed 4 stack frames]]>
    </failure>
  </testcase> <!-- runScenario -->
  <testcase name="runScenario" time="94.135" classname="io.cucumber.testng.AbstractTestNGCucumberTests"/>
  <testcase name="runScenario" time="449.532" classname="io.cucumber.testng.AbstractTestNGCucumberTests"/>
</testsuite> <!-- Bank -->
